<?xml version="1.0" encoding="UTF-8"?>
<testsuite name="com.tasks.dailytasks.DailytasksApplicationTests" tests="1" skipped="0" failures="0" errors="0" timestamp="2023-12-04T14:39:37" hostname="MacBook-Pro.local" time="0.495">
  <properties/>
  <testcase name="contextLoads()" classname="com.tasks.dailytasks.DailytasksApplicationTests" time="0.495"/>
  <system-out><![CDATA[09:39:34.946 [Test worker] INFO org.springframework.test.context.support.AnnotationConfigContextLoaderUtils -- Could not detect default configuration classes for test class [com.tasks.dailytasks.DailytasksApplicationTests]: DailytasksApplicationTests does not declare any static, non-private, non-final, nested classes annotated with @Configuration.
09:39:35.035 [Test worker] INFO org.springframework.boot.test.context.SpringBootTestContextBootstrapper -- Found @SpringBootConfiguration com.tasks.dailytasks.DailyTaskApplication for test class com.tasks.dailytasks.DailytasksApplicationTests

  .   ____          _            __ _ _
 /\\ / ___'_ __ _ _(_)_ __  __ _ \ \ \ \
( ( )\___ | '_ | '_| | '_ \/ _` | \ \ \ \
 \\/  ___)| |_)| | | | | || (_| |  ) ) ) )
  '  |____| .__|_| |_|_| |_\__, | / / / /
 =========|_|==============|___/=/_/_/_/
 :: Spring Boot ::                (v3.2.0)

2023-12-04T09:39:35.296-05:00  INFO 2417 --- [    Test worker] c.t.d.DailytasksApplicationTests         : Starting DailytasksApplicationTests using Java 17.0.9 with PID 2417 (started by tristineason in /Users/tristineason/PersonalPortfolioProjects/dailytasks)
2023-12-04T09:39:35.297-05:00  INFO 2417 --- [    Test worker] c.t.d.DailytasksApplicationTests         : No active profile set, falling back to 1 default profile: "default"
2023-12-04T09:39:35.760-05:00  INFO 2417 --- [    Test worker] .s.d.r.c.RepositoryConfigurationDelegate : Bootstrapping Spring Data JPA repositories in DEFAULT mode.
2023-12-04T09:39:35.795-05:00  INFO 2417 --- [    Test worker] .s.d.r.c.RepositoryConfigurationDelegate : Finished Spring Data repository scanning in 29 ms. Found 1 JPA repository interface.
2023-12-04T09:39:36.066-05:00  INFO 2417 --- [    Test worker] com.zaxxer.hikari.HikariDataSource       : HikariPool-1 - Starting...
2023-12-04T09:39:36.186-05:00  INFO 2417 --- [    Test worker] com.zaxxer.hikari.pool.HikariPool        : HikariPool-1 - Added connection conn0: url=jdbc:h2:mem:000b7996-6383-4de5-8224-5688da967594 user=SA
2023-12-04T09:39:36.187-05:00  INFO 2417 --- [    Test worker] com.zaxxer.hikari.HikariDataSource       : HikariPool-1 - Start completed.
2023-12-04T09:39:36.222-05:00  INFO 2417 --- [    Test worker] o.hibernate.jpa.internal.util.LogHelper  : HHH000204: Processing PersistenceUnitInfo [name: default]
2023-12-04T09:39:36.258-05:00  INFO 2417 --- [    Test worker] org.hibernate.Version                    : HHH000412: Hibernate ORM core version 6.3.1.Final
2023-12-04T09:39:36.282-05:00  INFO 2417 --- [    Test worker] o.h.c.internal.RegionFactoryInitiator    : HHH000026: Second-level cache disabled
2023-12-04T09:39:36.441-05:00  INFO 2417 --- [    Test worker] o.s.o.j.p.SpringPersistenceUnitInfo      : No LoadTimeWeaver setup: ignoring JPA class transformer
2023-12-04T09:39:37.052-05:00  INFO 2417 --- [    Test worker] o.h.e.t.j.p.i.JtaPlatformInitiator       : HHH000489: No JTA platform available (set 'hibernate.transaction.jta.platform' to enable JTA platform integration)
2023-12-04T09:39:37.078-05:00  INFO 2417 --- [    Test worker] j.LocalContainerEntityManagerFactoryBean : Initialized JPA EntityManagerFactory for persistence unit 'default'
2023-12-04T09:39:37.364-05:00  WARN 2417 --- [    Test worker] JpaBaseConfiguration$JpaWebConfiguration : spring.jpa.open-in-view is enabled by default. Therefore, database queries may be performed during view rendering. Explicitly configure spring.jpa.open-in-view to disable this warning
2023-12-04T09:39:37.639-05:00  INFO 2417 --- [    Test worker] c.t.d.DailytasksApplicationTests         : Started DailytasksApplicationTests in 2.5 seconds (process running for 3.408)
]]></system-out>
  <system-err><![CDATA[]]></system-err>
</testsuite>
