<?xml version="1.0" encoding="UTF-8"?>
<testsuite name="com.tasks.dailytasks.DailytasksApplicationTests" tests="6" skipped="0" failures="0" errors="0" timestamp="2023-12-11T17:22:44" hostname="MacBook-Pro.local" time="1.044">
  <properties/>
  <testcase name="testAddNewTask()" classname="com.tasks.dailytasks.DailytasksApplicationTests" time="0.638"/>
  <testcase name="testGetAllTasks()" classname="com.tasks.dailytasks.DailytasksApplicationTests" time="0.36"/>
  <testcase name="testUpdateTaskForm()" classname="com.tasks.dailytasks.DailytasksApplicationTests" time="0.024"/>
  <testcase name="testWelcomePage()" classname="com.tasks.dailytasks.DailytasksApplicationTests" time="0.005"/>
  <testcase name="testUpdateSelectedTask()" classname="com.tasks.dailytasks.DailytasksApplicationTests" time="0.002"/>
  <testcase name="testAddNewTaskForm()" classname="com.tasks.dailytasks.DailytasksApplicationTests" time="0.009"/>
  <system-out><![CDATA[12:22:41.364 [Test worker] INFO org.springframework.test.context.support.AnnotationConfigContextLoaderUtils -- Could not detect default configuration classes for test class [com.tasks.dailytasks.DailytasksApplicationTests]: DailytasksApplicationTests does not declare any static, non-private, non-final, nested classes annotated with @Configuration.
12:22:41.470 [Test worker] INFO org.springframework.boot.test.context.SpringBootTestContextBootstrapper -- Found @SpringBootConfiguration com.tasks.dailytasks.DailyTaskApplication for test class com.tasks.dailytasks.DailytasksApplicationTests

  .   ____          _            __ _ _
 /\\ / ___'_ __ _ _(_)_ __  __ _ \ \ \ \
( ( )\___ | '_ | '_| | '_ \/ _` | \ \ \ \
 \\/  ___)| |_)| | | | | || (_| |  ) ) ) )
  '  |____| .__|_| |_|_| |_\__, | / / / /
 =========|_|==============|___/=/_/_/_/
 :: Spring Boot ::                (v3.2.0)

2023-12-11T12:22:41.791-05:00  INFO 36932 --- [    Test worker] c.t.d.DailytasksApplicationTests         : Starting DailytasksApplicationTests using Java 17.0.9 with PID 36932 (started by tristineason in /Users/tristineason/PersonalPortfolioProjects/TodayToDo)
2023-12-11T12:22:41.792-05:00  INFO 36932 --- [    Test worker] c.t.d.DailytasksApplicationTests         : No active profile set, falling back to 1 default profile: "default"
2023-12-11T12:22:42.322-05:00  INFO 36932 --- [    Test worker] .s.d.r.c.RepositoryConfigurationDelegate : Bootstrapping Spring Data JPA repositories in DEFAULT mode.
2023-12-11T12:22:42.361-05:00  INFO 36932 --- [    Test worker] .s.d.r.c.RepositoryConfigurationDelegate : Finished Spring Data repository scanning in 33 ms. Found 1 JPA repository interface.
2023-12-11T12:22:42.716-05:00  INFO 36932 --- [    Test worker] com.zaxxer.hikari.HikariDataSource       : HikariPool-1 - Starting...
2023-12-11T12:22:42.877-05:00  INFO 36932 --- [    Test worker] com.zaxxer.hikari.pool.HikariPool        : HikariPool-1 - Added connection conn0: url=jdbc:h2:mem:ba33645a-8ffa-4f24-acf4-4a9cb9381203 user=SA
2023-12-11T12:22:42.879-05:00  INFO 36932 --- [    Test worker] com.zaxxer.hikari.HikariDataSource       : HikariPool-1 - Start completed.
2023-12-11T12:22:42.923-05:00  INFO 36932 --- [    Test worker] o.hibernate.jpa.internal.util.LogHelper  : HHH000204: Processing PersistenceUnitInfo [name: default]
2023-12-11T12:22:42.972-05:00  INFO 36932 --- [    Test worker] org.hibernate.Version                    : HHH000412: Hibernate ORM core version 6.3.1.Final
2023-12-11T12:22:43.000-05:00  INFO 36932 --- [    Test worker] o.h.c.internal.RegionFactoryInitiator    : HHH000026: Second-level cache disabled
2023-12-11T12:22:43.187-05:00  INFO 36932 --- [    Test worker] o.s.o.j.p.SpringPersistenceUnitInfo      : No LoadTimeWeaver setup: ignoring JPA class transformer
2023-12-11T12:22:43.834-05:00  INFO 36932 --- [    Test worker] o.h.e.t.j.p.i.JtaPlatformInitiator       : HHH000489: No JTA platform available (set 'hibernate.transaction.jta.platform' to enable JTA platform integration)
2023-12-11T12:22:43.861-05:00  INFO 36932 --- [    Test worker] j.LocalContainerEntityManagerFactoryBean : Initialized JPA EntityManagerFactory for persistence unit 'default'
2023-12-11T12:22:44.182-05:00  WARN 36932 --- [    Test worker] JpaBaseConfiguration$JpaWebConfiguration : spring.jpa.open-in-view is enabled by default. Therefore, database queries may be performed during view rendering. Explicitly configure spring.jpa.open-in-view to disable this warning
2023-12-11T12:22:44.520-05:00  INFO 36932 --- [    Test worker] o.s.b.t.m.w.SpringBootMockServletContext : Initializing Spring TestDispatcherServlet ''
2023-12-11T12:22:44.521-05:00  INFO 36932 --- [    Test worker] o.s.t.web.servlet.TestDispatcherServlet  : Initializing Servlet ''
2023-12-11T12:22:44.523-05:00  INFO 36932 --- [    Test worker] o.s.t.web.servlet.TestDispatcherServlet  : Completed initialization in 1 ms
2023-12-11T12:22:44.548-05:00  INFO 36932 --- [    Test worker] c.t.d.DailytasksApplicationTests         : Started DailytasksApplicationTests in 2.955 seconds (process running for 3.991)
]]></system-out>
  <system-err><![CDATA[]]></system-err>
</testsuite>
